Downloading Gradle: https://services.gradle.org/distributions/gradle-8.8-bin.zip
Unzipping: /home/runner/.gradle/wrapper/dists/gradle-8.8-bin/b5f1991261/gradle-8.8-bin.zip

Welcome to Gradle 8.8!

Here are the highlights of this release:
 - Running Gradle on Java 22
 - Configurable Gradle daemon JVM
 - Improved IDE performance for large projects

For more details see https://docs.gradle.org/8.8/release-notes.html

To honour the JVM settings for this build a single-use Daemon process will be forked. For more on this, please refer to https://docs.gradle.org/8.8/userguide/gradle_daemon.html#sec:disabling_the_daemon in the Gradle documentation.
Daemon will be stopped at the end of the build 

> Configure project :app
WARNING: The option setting 'android.enableDexingArtifactTransform=false' is deprecated.
The current default is 'true'.
It will be removed in version 8.3 of the Android Gradle plugin.
WARNING: The option 'android.enableD8.desugaring' is deprecated.
The current default is 'true'.
It was removed in version 7.0 of the Android Gradle plugin.
D8 desugaring is used by default, when applicable.

> Task :app:preBuild UP-TO-DATE
> Task :app:preDebugBuild UP-TO-DATE
> Task :app:mergeDebugNativeDebugMetadata NO-SOURCE
> Task :app:checkKotlinGradlePluginConfigurationErrors
> Task :app:dataBindingMergeDependencyArtifactsDebug
> Task :app:generateDebugResValues
> Task :app:generateDebugResources
> Task :app:mergeDebugResources
> Task :app:packageDebugResources
> Task :app:parseDebugLocalResources
> Task :app:dataBindingGenBaseClassesDebug
> Task :app:generateDebugBuildConfig
> Task :app:checkDebugAarMetadata
> Task :app:mapDebugSourceSetPaths
> Task :app:createDebugCompatibleScreenManifests
> Task :app:extractDeepLinksDebug
> Task :app:processDebugMainManifest
> Task :app:processDebugManifest
> Task :app:processDebugManifestForPackage
> Task :app:processDebugResources
> Task :app:compileDebugKotlin
e: file:///home/runner/work/debugapk/debugapk/_unzipped_source/DetoxLock_FIX259_v3.0.17_source/app/src/main/java/com/siustudio/detoxlock/DetoxAccessibilityService.kt:387:13 Unresolved reference: ProtectionNoticeLaunchGate
e: file:///home/runner/work/debugapk/debugapk/_unzipped_source/DetoxLock_FIX259_v3.0.17_source/app/src/main/java/com/siustudio/detoxlock/DetoxAccessibilityService.kt:1645:9 Unresolved reference: ProtectionNoticeLaunchGate
e: file:///home/runner/work/debugapk/debugapk/_unzipped_source/DetoxLock_FIX259_v3.0.17_source/app/src/main/java/com/siustudio/detoxlock/DetoxAccessibilityService.kt:2184:24 Unresolved reference: AccessibilityTargetIsolationPolicy
e: file:///home/runner/work/debugapk/debugapk/_unzipped_source/DetoxLock_FIX259_v3.0.17_source/app/src/main/java/com/siustudio/detoxlock/DetoxAccessibilityService.kt:2192:13 Unresolved reference: AccessibilityTargetIsolationPolicy
e: file:///home/runner/work/debugapk/debugapk/_unzipped_source/DetoxLock_FIX259_v3.0.17_source/app/src/main/java/com/siustudio/detoxlock/DetoxAccessibilityService.kt:2249:16 Unresolved reference: AccessibilityTargetIsolationPolicy
e: file:///home/runner/work/debugapk/debugapk/_unzipped_source/DetoxLock_FIX259_v3.0.17_source/app/src/main/java/com/siustudio/detoxlock/DetoxAccessibilityService.kt:2250:13 Unresolved reference: AccessibilityTargetIsolationPolicy
e: file:///home/runner/work/debugapk/debugapk/_unzipped_source/DetoxLock_FIX259_v3.0.17_source/app/src/main/java/com/siustudio/detoxlock/DetoxAccessibilityService.kt:2451:15 Unresolved reference: ProtectionNoticeKind
e: file:///home/runner/work/debugapk/debugapk/_unzipped_source/DetoxLock_FIX259_v3.0.17_source/app/src/main/java/com/siustudio/detoxlock/DetoxAccessibilityService.kt:2455:31 Unresolved reference: ProtectionNoticeLaunchGate
e: file:///home/runner/work/debugapk/debugapk/_unzipped_source/DetoxLock_FIX259_v3.0.17_source/app/src/main/java/com/siustudio/detoxlock/DetoxAccessibilityService.kt:2474:14 Unresolved reference: ProtectionNoticeLaunchGate
e: file:///home/runner/work/debugapk/debugapk/_unzipped_source/DetoxLock_FIX259_v3.0.17_source/app/src/main/java/com/siustudio/detoxlock/DetoxAccessibilityService.kt:2484:20 Unresolved reference: ProtectionRoutePlan
e: file:///home/runner/work/debugapk/debugapk/_unzipped_source/DetoxLock_FIX259_v3.0.17_source/app/src/main/java/com/siustudio/detoxlock/DetoxAccessibilityService.kt:2488:21 Unresolved reference: ProtectionNoticeLaunchGate
e: file:///home/runner/work/debugapk/debugapk/_unzipped_source/DetoxLock_FIX259_v3.0.17_source/app/src/main/java/com/siustudio/detoxlock/DetoxAccessibilityService.kt:2501:17 Unresolved reference: ProtectionNoticeKind
e: file:///home/runner/work/debugapk/debugapk/_unzipped_source/DetoxLock_FIX259_v3.0.17_source/app/src/main/java/com/siustudio/detoxlock/DetoxAccessibilityService.kt:2507:17 Unresolved reference: ProtectionNoticeLaunchGate
e: file:///home/runner/work/debugapk/debugapk/_unzipped_source/DetoxLock_FIX259_v3.0.17_source/app/src/main/java/com/siustudio/detoxlock/DetoxAccessibilityService.kt:2511:28 Unresolved reference: ProtectionNoticeActivity
e: file:///home/runner/work/debugapk/debugapk/_unzipped_source/DetoxLock_FIX259_v3.0.17_source/app/src/main/java/com/siustudio/detoxlock/DetoxAccessibilityService.kt:2529:21 Unresolved reference: ProtectionNoticeLaunchGate
e: file:///home/runner/work/debugapk/debugapk/_unzipped_source/DetoxLock_FIX259_v3.0.17_source/app/src/main/java/com/siustudio/detoxlock/DetoxAccessibilityService.kt:2530:21 Unresolved reference: ProtectionNoticeActivity
e: file:///home/runner/work/debugapk/debugapk/_unzipped_source/DetoxLock_FIX259_v3.0.17_source/app/src/main/java/com/siustudio/detoxlock/DetoxAccessibilityService.kt:2542:21 Unresolved reference: ProtectionNoticeLaunchGate
e: file:///home/runner/work/debugapk/debugapk/_unzipped_source/DetoxLock_FIX259_v3.0.17_source/app/src/main/java/com/siustudio/detoxlock/DetoxAccessibilityService.kt:2543:32 Unresolved reference: ProtectionNoticeText
e: file:///home/runner/work/debugapk/debugapk/_unzipped_source/DetoxLock_FIX259_v3.0.17_source/app/src/main/java/com/siustudio/detoxlock/DetoxAccessibilityService.kt:2553:29 Unresolved reference: ProtectionNoticeLaunchGate
e: file:///home/runner/work/debugapk/debugapk/_unzipped_source/DetoxLock_FIX259_v3.0.17_source/app/src/main/java/com/siustudio/detoxlock/DetoxAccessibilityService.kt:2557:25 Unresolved reference: ProtectionNoticeLaunchGate
e: file:///home/runner/work/debugapk/debugapk/_unzipped_source/DetoxLock_FIX259_v3.0.17_source/app/src/main/java/com/siustudio/detoxlock/DetoxAccessibilityService.kt:2559:25 Unresolved reference: ProtectionNoticeLaunchGate
e: file:///home/runner/work/debugapk/debugapk/_unzipped_source/DetoxLock_FIX259_v3.0.17_source/app/src/main/java/com/siustudio/detoxlock/DetoxAccessibilityService.kt:2717:38 Unresolved reference: ProtectionNoticeKind
e: file:///home/runner/work/debugapk/debugapk/_unzipped_source/DetoxLock_FIX259_v3.0.17_source/app/src/main/java/com/siustudio/detoxlock/DetoxAccessibilityService.kt:2723:38 Unresolved reference: ProtectionNoticeKind
e: file:///home/runner/work/debugapk/debugapk/_unzipped_source/DetoxLock_FIX259_v3.0.17_source/app/src/main/java/com/siustudio/detoxlock/DetoxAccessibilityService.kt:2744:38 Unresolved reference: ProtectionNoticeKind
e: file:///home/runner/work/debugapk/debugapk/_unzipped_source/DetoxLock_FIX259_v3.0.17_source/app/src/main/java/com/siustudio/detoxlock/DetoxAccessibilityService.kt:2750:45 Unresolved reference: ProtectionNoticeKind
e: file:///home/runner/work/debugapk/debugapk/_unzipped_source/DetoxLock_FIX259_v3.0.17_source/app/src/main/java/com/siustudio/detoxlock/DetoxAccessibilityService.kt:2764:38 Unresolved reference: ProtectionNoticeKind
e: file:///home/runner/work/debugapk/debugapk/_unzipped_source/DetoxLock_FIX259_v3.0.17_source/app/src/main/java/com/siustudio/detoxlock/DetoxAccessibilityService.kt:2769:38 Unresolved reference: ProtectionNoticeKind
e: file:///home/runner/work/debugapk/debugapk/_unzipped_source/DetoxLock_FIX259_v3.0.17_source/app/src/main/java/com/siustudio/detoxlock/DetoxAccessibilityService.kt:2779:38 Unresolved reference: ProtectionNoticeKind
e: file:///home/runner/work/debugapk/debugapk/_unzipped_source/DetoxLock_FIX259_v3.0.17_source/app/src/main/java/com/siustudio/detoxlock/DetoxAccessibilityService.kt:2787:35 Unresolved reference: ProtectionNoticeKind
e: file:///home/runner/work/debugapk/debugapk/_unzipped_source/DetoxLock_FIX259_v3.0.17_source/app/src/main/java/com/siustudio/detoxlock/DetoxAccessibilityService.kt:2787:74 Unresolved reference: ProtectionNoticeKind
e: file:///home/runner/work/debugapk/debugapk/_unzipped_source/DetoxLock_FIX259_v3.0.17_source/app/src/main/java/com/siustudio/detoxlock/DetoxAccessibilityService.kt:2837:27 Unresolved reference: ProtectionNoticeKind
e: file:///home/runner/work/debugapk/debugapk/_unzipped_source/DetoxLock_FIX259_v3.0.17_source/app/src/main/java/com/siustudio/detoxlock/InlineShortFormPanel.kt:25:35 Unresolved reference: ShortFormPlatformAdapter
e: file:///home/runner/work/debugapk/debugapk/_unzipped_source/DetoxLock_FIX259_v3.0.17_source/app/src/main/java/com/siustudio/detoxlock/InlineShortFormPanel.kt:150:13 Unresolved reference: ShortFormPlatformAdapter
e: file:///home/runner/work/debugapk/debugapk/_unzipped_source/DetoxLock_FIX259_v3.0.17_source/app/src/main/java/com/siustudio/detoxlock/InlineShortFormPanel.kt:154:41 Unresolved reference: it
e: file:///home/runner/work/debugapk/debugapk/_unzipped_source/DetoxLock_FIX259_v3.0.17_source/app/src/main/java/com/siustudio/detoxlock/LockHomeActivity.kt:250:13 Unresolved reference: ProtectionNoticeActivity
e: file:///home/runner/work/debugapk/debugapk/_unzipped_source/DetoxLock_FIX259_v3.0.17_source/app/src/main/java/com/siustudio/detoxlock/LockHomeActivity.kt:252:17 Unresolved reference: ProtectionNoticeKind
e: file:///home/runner/work/debugapk/debugapk/_unzipped_source/DetoxLock_FIX259_v3.0.17_source/app/src/main/java/com/siustudio/detoxlock/PermissionGateActivity.kt:61:13 Unresolved reference: ProtectionNoticeActivity
e: file:///home/runner/work/debugapk/debugapk/_unzipped_source/DetoxLock_FIX259_v3.0.17_source/app/src/main/java/com/siustudio/detoxlock/PermissionGateActivity.kt:63:17 Unresolved reference: ProtectionNoticeKind
e: file:///home/runner/work/debugapk/debugapk/_unzipped_source/DetoxLock_FIX259_v3.0.17_source/app/src/main/java/com/siustudio/detoxlock/PinAdminSession.kt:22:23 Unresolved reference: ProtectionNoticeLaunchGate
e: file:///home/runner/work/debugapk/debugapk/_unzipped_source/DetoxLock_FIX259_v3.0.17_source/app/src/main/java/com/siustudio/detoxlock/RemoteSafetyGate.kt:860:23 Unresolved reference: ProtectionNoticeLaunchGate
e: file:///home/runner/work/debugapk/debugapk/_unzipped_source/DetoxLock_FIX259_v3.0.17_source/app/src/main/java/com/siustudio/detoxlock/RemoteSafetyGate.kt:900:23 Unresolved reference: ProtectionNoticeLaunchGate
e: file:///home/runner/work/debugapk/debugapk/_unzipped_source/DetoxLock_FIX259_v3.0.17_source/app/src/main/java/com/siustudio/detoxlock/SelfAppForegroundGuard.kt:66:29 Unresolved reference: ProtectionNoticeActivity
e: file:///home/runner/work/debugapk/debugapk/_unzipped_source/DetoxLock_FIX259_v3.0.17_source/app/src/main/java/com/siustudio/detoxlock/ShortFormPolicy.kt:454:13 Unresolved reference: ShortFormPlatformDecision
e: file:///home/runner/work/debugapk/debugapk/_unzipped_source/DetoxLock_FIX259_v3.0.17_source/app/src/main/java/com/siustudio/detoxlock/ShortFormPolicy.kt:455:17 Unresolved reference: ShortFormPlatformDecision
e: file:///home/runner/work/debugapk/debugapk/_unzipped_source/DetoxLock_FIX259_v3.0.17_source/app/src/main/java/com/siustudio/detoxlock/ShortFormPolicy.kt:478:20 Unresolved reference: ShortFormPlatformDecision
e: file:///home/runner/work/debugapk/debugapk/_unzipped_source/DetoxLock_FIX259_v3.0.17_source/app/src/main/java/com/siustudio/detoxlock/ShortFormPolicy.kt:479:17 Unresolved reference: ShortFormPlatformDecision
e: file:///home/runner/work/debugapk/debugapk/_unzipped_source/DetoxLock_FIX259_v3.0.17_source/app/src/main/java/com/siustudio/detoxlock/TestModeManager.kt:170:23 Unresolved reference: ProtectionNoticeLaunchGate

> Task :app:compileDebugKotlin FAILED

FAILURE: Build failed with an exception.

* What went wrong:
Execution failed for task ':app:compileDebugKotlin'.
> A failure occurred while executing org.jetbrains.kotlin.compilerRunner.GradleCompilerRunnerWithWorkers$GradleKotlinCompilerWorkAction
   > Compilation error. See log for more details

* Try:
> Run with --stacktrace option to get the stack trace.
> Run with --info or --debug option to get more log output.
> Run with --scan to get full insights.
> Get more help at https://help.gradle.org.

Deprecated Gradle features were used in this build, making it incompatible with Gradle 9.0.

You can use '--warning-mode all' to show the individual deprecation warnings and determine if they come from your own scripts or plugins.

For more on this, please refer to https://docs.gradle.org/8.8/userguide/command_line_interface.html#sec:command_line_warnings in the Gradle documentation.

BUILD FAILED in 2m 16s
17 actionable tasks: 17 executed
